[
  {
    "line": 1,
    "elements": [
      {
        "line": 3,
        "name": "Check login form is validated when there are no errors",
        "description": "",
        "id": "to-test-login-form-works-when-there-are-no-errors;check-login-form-is-validated-when-there-are-no-errors",
        "type": "scenario",
        "keyword": "Scenario",
        "steps": [
          {
            "result": {
              "duration": 24456866378,
              "status": "passed"
            },
            "line": 4,
            "name": "I am on my Blackjack website",
            "match": {
              "location": "StepDefinitions.navigateToSite()"
            },
            "keyword": "Given "
          },
          {
            "result": {
              "duration": 645338841,
              "status": "passed"
            },
            "line": 5,
            "name": "I click on the username form",
            "match": {
              "location": "StepDefinitions.clickOnUserNameForm()"
            },
            "keyword": "When "
          },
          {
            "result": {
              "duration": 2230888185,
              "status": "passed"
            },
            "line": 6,
            "name": "I populate the username form",
            "match": {
              "location": "StepDefinitions.populateUserNameForm()"
            },
            "keyword": "And "
          },
          {
            "result": {
              "duration": 1302523761,
              "status": "passed"
            },
            "line": 7,
            "name": "I should be on join game room page",
            "match": {
              "location": "StepDefinitions.checkOnUserNameConfirmationPage()"
            },
            "keyword": "Then "
          }
        ]
      },
      {
        "line": 9,
        "name": "Check if user joins room when there are no errors",
        "description": "",
        "id": "to-test-login-form-works-when-there-are-no-errors;check-if-user-joins-room-when-there-are-no-errors",
        "type": "scenario",
        "keyword": "Scenario",
        "steps": [
          {
            "result": {
              "duration": 26218318533,
              "error_message": "org.openqa.selenium.NoSuchElementException: Unable to locate element: {\"method\":\"id\",\"selector\":\"submit\"}\nCommand duration or timeout: 2.58 seconds\nFor documentation on this error, please visit: http://seleniumhq.org/exceptions/no_such_element.html\nBuild info: version: \u00272.48.0\u0027, revision: \u0027b7b081a\u0027, time: \u00272015-10-07 15:45:39\u0027\nSystem info: host: \u0027Glitch\u0027, ip: \u0027192.168.2.13\u0027, os.name: \u0027Windows 8.1\u0027, os.arch: \u0027amd64\u0027, os.version: \u00276.3\u0027, java.version: \u00271.8.0_45\u0027\nDriver info: org.openqa.selenium.firefox.FirefoxDriver\nCapabilities [{applicationCacheEnabled\u003dtrue, rotatable\u003dfalse, handlesAlerts\u003dtrue, databaseEnabled\u003dtrue, version\u003d41.0.1, platform\u003dWINDOWS, nativeEvents\u003dfalse, acceptSslCerts\u003dtrue, webStorageEnabled\u003dtrue, locationContextEnabled\u003dtrue, browserName\u003dfirefox, takesScreenshot\u003dtrue, javascriptEnabled\u003dtrue, cssSelectorsEnabled\u003dtrue}]\nSession ID: 62190488-2cda-4ea6-bb24-ab2ed08cf229\n*** Element info: {Using\u003did, value\u003dsubmit}\r\n\tat sun.reflect.NativeConstructorAccessorImpl.newInstance0(Native Method)\r\n\tat sun.reflect.NativeConstructorAccessorImpl.newInstance(Unknown Source)\r\n\tat sun.reflect.DelegatingConstructorAccessorImpl.newInstance(Unknown Source)\r\n\tat java.lang.reflect.Constructor.newInstance(Unknown Source)\r\n\tat org.openqa.selenium.remote.ErrorHandler.createThrowable(ErrorHandler.java:206)\r\n\tat org.openqa.selenium.remote.ErrorHandler.throwIfResponseFailed(ErrorHandler.java:158)\r\n\tat org.openqa.selenium.remote.RemoteWebDriver.execute(RemoteWebDriver.java:647)\r\n\tat org.openqa.selenium.remote.RemoteWebDriver.findElement(RemoteWebDriver.java:353)\r\n\tat org.openqa.selenium.remote.RemoteWebDriver.findElementById(RemoteWebDriver.java:403)\r\n\tat org.openqa.selenium.By$ById.findElement(By.java:218)\r\n\tat org.openqa.selenium.remote.RemoteWebDriver.findElement(RemoteWebDriver.java:345)\r\n\tat Testing.StepDefinitions.I_have_logged_in(StepDefinitions.java:39)\r\n\tat âœ½.Given I have already logged in(joinTable.feature:10)\r\nCaused by: org.openqa.selenium.NoSuchElementException: Unable to locate element: {\"method\":\"id\",\"selector\":\"submit\"}\nFor documentation on this error, please visit: http://seleniumhq.org/exceptions/no_such_element.html\nBuild info: version: \u00272.48.0\u0027, revision: \u0027b7b081a\u0027, time: \u00272015-10-07 15:45:39\u0027\nSystem info: host: \u0027Glitch\u0027, ip: \u0027192.168.2.13\u0027, os.name: \u0027Windows 8.1\u0027, os.arch: \u0027amd64\u0027, os.version: \u00276.3\u0027, java.version: \u00271.8.0_45\u0027\nDriver info: driver.version: unknown\r\n\tat \u003canonymous class\u003e.FirefoxDriver.prototype.findElementInternal_(file:///C:/Users/Max/AppData/Local/Temp/anonymous507182907323430821webdriver-profile/extensions/fxdriver@googlecode.com/components/driver-component.js:10659)\r\n\tat \u003canonymous class\u003e.FirefoxDriver.prototype.findElement(file:///C:/Users/Max/AppData/Local/Temp/anonymous507182907323430821webdriver-profile/extensions/fxdriver@googlecode.com/components/driver-component.js:10668)\r\n\tat \u003canonymous class\u003e.DelayedCommand.prototype.executeInternal_/h(file:///C:/Users/Max/AppData/Local/Temp/anonymous507182907323430821webdriver-profile/extensions/fxdriver@googlecode.com/components/command-processor.js:12534)\r\n\tat \u003canonymous class\u003e.DelayedCommand.prototype.executeInternal_(file:///C:/Users/Max/AppData/Local/Temp/anonymous507182907323430821webdriver-profile/extensions/fxdriver@googlecode.com/components/command-processor.js:12539)\r\n\tat \u003canonymous class\u003e.DelayedCommand.prototype.execute/\u003c(file:///C:/Users/Max/AppData/Local/Temp/anonymous507182907323430821webdriver-profile/extensions/fxdriver@googlecode.com/components/command-processor.js:12481)\r\n",
              "status": "failed"
            },
            "line": 10,
            "name": "I have already logged in",
            "match": {
              "location": "StepDefinitions.I_have_logged_in()"
            },
            "keyword": "Given "
          },
          {
            "result": {
              "status": "skipped"
            },
            "line": 11,
            "name": "I click on the join table button",
            "match": {
              "location": "StepDefinitions.I_click_on_the_join_table_button()"
            },
            "keyword": "When "
          },
          {
            "result": {
              "status": "skipped"
            },
            "line": 12,
            "name": "I should be on game room page",
            "match": {
              "location": "StepDefinitions.I_should_be_on_game_room_page()"
            },
            "keyword": "Then "
          }
        ]
      }
    ],
    "name": "To test login form works when there are no errors",
    "description": "",
    "id": "to-test-login-form-works-when-there-are-no-errors",
    "keyword": "Feature",
    "uri": "joinTable.feature"
  }
]